Arguments: 
  /usr/bin/node /usr/local/bin/yarn install

PATH: 
  /home/nikola/bin:/home/nikola/.local/bin:/home/nikola/bin:/home/nikola/.local/bin:/usr/local/sbin:/usr/local/bin:/usr/sbin:/usr/bin:/sbin:/bin:/usr/games:/usr/local/games:/snap/bin:/home/nikola/Android/Sdk/emulator:/home/nikola/Android/Sdk/tools:/home/nikola/Android/Sdk/tools/bin:/home/nikola/Android/Sdk/platform-tools:/home/nikola/Android/Sdk/emulator:/home/nikola/Android/Sdk/tools:/home/nikola/Android/Sdk/tools/bin:/home/nikola/Android/Sdk/platform-tools

Yarn version: 
  1.16.0

Node version: 
  10.19.0

Platform: 
  linux x64

Trace: 
  SyntaxError: /home/nikola/projekti/Spartans AI task zadatak/pizza-place-simulator-client/package.json: Unexpected token } in JSON at position 1163
      at JSON.parse (<anonymous>)
      at /usr/local/lib/node_modules/yarn/lib/cli.js:1625:59
      at Generator.next (<anonymous>)
      at step (/usr/local/lib/node_modules/yarn/lib/cli.js:304:30)
      at /usr/local/lib/node_modules/yarn/lib/cli.js:315:13

npm manifest: 
  {
    "name": "hairdressing-front-management",
    "version": "0.1.0",
    "private": true,
    "dependencies": {
      "@ant-design/icons": "^4.0.5",
      "@antv/g2": "^4.0.2",
      "@hot-loader/react-dom": "^16.12.0",
      "@testing-library/jest-dom": "^4.2.4",
      "@testing-library/react": "^9.3.2",
      "@testing-library/user-event": "^7.1.2",
      "antd": "^4.0.2",
      "antd-editable": "^3.0.0",
      "antd-editable-component": "^1.0.3",
      "axios": "^0.19.2",
      "bulma": "^0.8.0",
      "css-loader": "^3.4.2",
      "immutable": "^4.0.0-rc.12",
      "lodash": "^4.17.15",
      "lodash.at": "^4.6.0",
      "lodash.chunk": "^4.2.0",
      "node-sass": "^4.13.1",
      "react": "^16.6.3",
      "react-dom": "^16.6.3",
      "react-redux": "^7.2.0",
      "react-router-dom": "^5.1.2",
      "react-scripts": "3.4.1",
      "redux": "^4.0.5",
      "redux-form": "^8.3.5",
      "redux-form-website-template": "^1.0.17",
      "redux-immutable": "^4.0.0",
      "redux-persist": "^6.0.0",
      "redux-saga": "^1.1.3",
      "redux-thunk": "^2.3.0",
      "reselect": "^4.0.0",
      "sass-loader": "^8.0.2",
      "seamless-immutable": "^7.1.4",
      "style-loader": "^1.1.3",
      "url-loader": "^3.0.0",
    },
    "scripts": {
      "start": "react-scripts start",
      "build": "react-scripts build",
      "test": "react-scripts test",
      "eject": "react-scripts eject"
    },
    "eslintConfig": {
      "extends": "react-app"
    },
    "browserslist": {
      "production": [
        ">0.2%",
        "not dead",
        "not op_mini all"
      ],
      "development": [
        "last 1 chrome version",
        "last 1 firefox version",
        "last 1 safari version"
      ]
    }
  }

yarn manifest: 
  No manifest

Lockfile: 
  No lockfile
